AppTaxi/Driver App/slideMenuLibrary/build/outputs/logs/manifest-merger-debug-report.txt
-- Merging decision tree log ---
manifest
ADDED from Driver App/slideMenuLibrary/AndroidManifest.xml:2:1-12:12
INJECTED from Driver App/slideMenuLibrary/AndroidManifest.xml:2:1-12:12
INJECTED from Driver App/slideMenuLibrary/AndroidManifest.xml:2:1-12:12
INJECTED from Driver App/slideMenuLibrary/AndroidManifest.xml:2:1-12:12
INJECTED from Driver App/slideMenuLibrary/AndroidManifest.xml:2:1-12:12
INJECTED from Driver App/slideMenuLibrary/AndroidManifest.xml:2:1-12:12
INJECTED from Driver App/slideMenuLibrary/AndroidManifest.xml:2:1-12:12
	package
		ADDED from Driver App/slideMenuLibrary/AndroidManifest.xml:3:5-50
		INJECTED from Driver App/slideMenuLibrary/AndroidManifest.xml
		INJECTED from Driver App/slideMenuLibrary/AndroidManifest.xml
	android:versionName
		ADDED from Driver App/slideMenuLibrary/AndroidManifest.xml:5:5-30
		INJECTED from Driver App/slideMenuLibrary/AndroidManifest.xml
		INJECTED from Driver App/slideMenuLibrary/AndroidManifest.xml
	xmlns:android
		ADDED from Driver App/slideMenuLibrary/AndroidManifest.xml:2:11-69
	android:versionCode
		ADDED from Driver App/slideMenuLibrary/AndroidManifest.xml:4:5-28
		INJECTED from Driver App/slideMenuLibrary/AndroidManifest.xml
		INJECTED from Driver App/slideMenuLibrary/AndroidManifest.xml
uses-permission#android.permission.INTERNET
ADDED from Driver App/slideMenuLibrary/AndroidManifest.xml:7:5-67
	android:name
		ADDED from Driver App/slideMenuLibrary/AndroidManifest.xml:7:22-64
uses-permission#android.permission.ACCESS_NETWORK_STATE
ADDED from Driver App/slideMenuLibrary/AndroidManifest.xml:8:5-79
	android:name
		ADDED from Driver App/slideMenuLibrary/AndroidManifest.xml:8:22-76
uses-sdk
ADDED from Driver App/slideMenuLibrary/AndroidManifest.xml:10:5-47
INJECTED from Driver App/slideMenuLibrary/AndroidManifest.xml:10:5-47
INJECTED from Driver App/slideMenuLibrary/AndroidManifest.xml:10:5-47
INJECTED from Driver App/slideMenuLibrary/AndroidManifest.xml:10:5-47
INJECTED from Driver App/slideMenuLibrary/AndroidManifest.xml:10:5-47
	android:targetSdkVersion
		ADDED from Driver App/slideMenuLibrary/AndroidManifest.xml:10:15-44
		INJECTED from Driver App/slideMenuLibrary/AndroidManifest.xml
		INJECTED from Driver App/slideMenuLibrary/AndroidManifest.xml
	android:minSdkVersion
		INJECTED from Driver App/slideMenuLibrary/AndroidManifest.xml
		ADDED from Driver App/slideMenuLibrary/AndroidManifest.xml:10:5-47
		INJECTED from Driver App/slideMenuLibrary/AndroidManifest.xml